2024-11-08 13:36:16,174 INFO  o.h.v.i.u.Version [background-preinit] HV000001: Hibernate Validator 8.0.1.Final
2024-11-08 13:36:16,200 INFO  c.g.Topic41Application [restartedMain] Starting Topic41Application using Java 18.0.2.1 with PID 10103 (/Users/joeabraham/InteleJ-Workspace-CST-339/topic4-1-git/target/classes started by joeabraham in /Users/joeabraham/InteleJ-Workspace-CST-339/topic4-1-git)
2024-11-08 13:36:16,200 DEBUG c.g.Topic41Application [restartedMain] Running with Spring Boot v3.2.2, Spring v6.1.3
2024-11-08 13:36:16,201 INFO  c.g.Topic41Application [restartedMain] No active profile set, falling back to 1 default profile: "default"
2024-11-08 13:36:16,524 INFO  o.s.b.d.e.DevToolsPropertyDefaultsPostProcessor [restartedMain] Devtools property defaults active! Set 'spring.devtools.add-properties' to 'false' to disable
2024-11-08 13:36:16,524 INFO  o.s.b.d.e.DevToolsPropertyDefaultsPostProcessor [restartedMain] For additional web related logging consider setting the 'logging.level.web' property to 'DEBUG'
2024-11-08 13:36:17,331 INFO  o.s.d.r.c.RepositoryConfigurationDelegate [restartedMain] Bootstrapping Spring Data JDBC repositories in DEFAULT mode.
2024-11-08 13:36:17,360 INFO  o.s.d.r.c.RepositoryConfigurationDelegate [restartedMain] Finished Spring Data repository scanning in 26 ms. Found 0 JDBC repository interfaces.
2024-11-08 13:36:17,696 WARN  o.s.c.s.PostProcessorRegistrationDelegate$BeanPostProcessorChecker [restartedMain] Bean 'appConfiguration' of type [com.gcu.util.AppConfiguration$$SpringCGLIB$$0] is not eligible for getting processed by all BeanPostProcessors (for example: not eligible for auto-proxying). Is this bean getting eagerly injected into a currently created BeanPostProcessor [projectingArgumentResolverBeanPostProcessor]? Check the corresponding BeanPostProcessor declaration and its dependencies.
2024-11-08 13:36:17,706 WARN  o.s.c.s.PostProcessorRegistrationDelegate$BeanPostProcessorChecker [restartedMain] Bean 'tracer' of type [com.gcu.util.Tracer] is not eligible for getting processed by all BeanPostProcessors (for example: not eligible for auto-proxying). Is this bean getting eagerly injected into a currently created BeanPostProcessor [projectingArgumentResolverBeanPostProcessor]? Check the corresponding BeanPostProcessor declaration and its dependencies.
2024-11-08 13:36:17,707 WARN  o.s.c.s.PostProcessorRegistrationDelegate$BeanPostProcessorChecker [restartedMain] Bean 'performanceMonitorAdvisor' of type [org.springframework.aop.support.DefaultPointcutAdvisor] is not eligible for getting processed by all BeanPostProcessors (for example: not eligible for auto-proxying). Is this bean getting eagerly injected into a currently created BeanPostProcessor [projectingArgumentResolverBeanPostProcessor]? Check the corresponding BeanPostProcessor declaration and its dependencies.
2024-11-08 13:36:18,234 INFO  o.s.b.w.e.t.TomcatWebServer [restartedMain] Tomcat initialized with port 8080 (http)
2024-11-08 13:36:18,269 INFO  o.a.c.h.Http11NioProtocol [restartedMain] Initializing ProtocolHandler ["http-nio-8080"]
2024-11-08 13:36:18,281 INFO  o.a.c.c.StandardService [restartedMain] Starting service [Tomcat]
2024-11-08 13:36:18,281 INFO  o.a.c.c.StandardEngine [restartedMain] Starting Servlet engine: [Apache Tomcat/10.1.18]
2024-11-08 13:36:18,338 INFO  o.a.c.c.C.[.[.[/] [restartedMain] Initializing Spring embedded WebApplicationContext
2024-11-08 13:36:18,338 INFO  o.s.b.w.s.c.ServletWebServerApplicationContext [restartedMain] Root WebApplicationContext: initialization completed in 1813 ms
2024-11-08 13:36:19,435 INFO  c.z.h.HikariDataSource [restartedMain] HikariPool-1 - Starting...
2024-11-08 13:36:21,493 INFO  c.z.h.p.HikariPool [restartedMain] HikariPool-1 - Added connection com.mysql.cj.jdbc.ConnectionImpl@1f4e590f
2024-11-08 13:36:21,496 INFO  c.z.h.HikariDataSource [restartedMain] HikariPool-1 - Start completed.
2024-11-08 13:36:21,719 INFO  o.s.b.d.a.OptionalLiveReloadServer [restartedMain] LiveReload server is running on port 35729
2024-11-08 13:36:21,756 INFO  o.a.c.h.Http11NioProtocol [restartedMain] Starting ProtocolHandler ["http-nio-8080"]
2024-11-08 13:36:21,770 INFO  o.s.b.w.e.t.TomcatWebServer [restartedMain] Tomcat started on port 8080 (http) with context path ''
2024-11-08 13:36:21,786 INFO  c.g.Topic41Application [restartedMain] Started Topic41Application in 6.243 seconds (process running for 7.128)
2024-11-08 13:36:25,345 INFO  o.a.c.c.C.[.[.[/] [http-nio-8080-exec-1] Initializing Spring DispatcherServlet 'dispatcherServlet'
2024-11-08 13:36:25,346 INFO  o.s.w.s.DispatcherServlet [http-nio-8080-exec-1] Initializing Servlet 'dispatcherServlet'
2024-11-08 13:36:25,348 INFO  o.s.w.s.DispatcherServlet [http-nio-8080-exec-1] Completed initialization in 2 ms
2024-11-08 13:36:25,400 TRACE c.g.c.newController [http-nio-8080-exec-1] GCU Method com.gcu.controller.newController.display execution started at:Fri Nov 08 13:36:25 MST 2024
2024-11-08 13:36:25,402 TRACE c.g.c.newController [http-nio-8080-exec-1] GCU Method com.gcu.controller.newController.display execution lasted:2 ms
2024-11-08 13:36:25,403 TRACE c.g.c.newController [http-nio-8080-exec-1] GCU Method com.gcu.controller.newController.display execution ended at:Fri Nov 08 13:36:25 MST 2024
2024-11-08 13:36:47,533 TRACE c.g.c.LoginController [http-nio-8080-exec-3] GCU Method com.gcu.controller.LoginController.doLogin execution started at:Fri Nov 08 13:36:47 MST 2024
2024-11-08 13:36:47,534 TRACE c.g.b.OrdersBusinessService [http-nio-8080-exec-3] GCU Method com.gcu.business.OrdersBusinessService.test execution started at:Fri Nov 08 13:36:47 MST 2024
2024-11-08 13:36:47,536 TRACE c.g.b.OrdersBusinessService [http-nio-8080-exec-3] GCU Method com.gcu.business.OrdersBusinessService.test execution lasted:2 ms
2024-11-08 13:36:47,536 TRACE c.g.b.OrdersBusinessService [http-nio-8080-exec-3] GCU Method com.gcu.business.OrdersBusinessService.test execution ended at:Fri Nov 08 13:36:47 MST 2024
2024-11-08 13:36:47,536 TRACE c.g.b.SecurityBusinessService [http-nio-8080-exec-3] GCU Method com.gcu.business.SecurityBusinessService.authenticate execution started at:Fri Nov 08 13:36:47 MST 2024
2024-11-08 13:36:47,537 TRACE c.g.b.SecurityBusinessService [http-nio-8080-exec-3] GCU Method com.gcu.business.SecurityBusinessService.authenticate execution lasted:1 ms
2024-11-08 13:36:47,537 TRACE c.g.b.SecurityBusinessService [http-nio-8080-exec-3] GCU Method com.gcu.business.SecurityBusinessService.authenticate execution ended at:Fri Nov 08 13:36:47 MST 2024
2024-11-08 13:36:47,537 TRACE c.g.b.OrdersBusinessService [http-nio-8080-exec-3] GCU Method com.gcu.business.OrdersBusinessService.getOrders execution started at:Fri Nov 08 13:36:47 MST 2024
2024-11-08 13:36:47,538 TRACE c.g.d.OrdersDataService [http-nio-8080-exec-3] GCU Method com.gcu.data.OrdersDataService.findAll execution started at:Fri Nov 08 13:36:47 MST 2024
2024-11-08 13:36:47,801 TRACE c.g.d.OrdersDataService [http-nio-8080-exec-3] GCU Method com.gcu.data.OrdersDataService.findAll execution lasted:263 ms
2024-11-08 13:36:47,802 TRACE c.g.d.OrdersDataService [http-nio-8080-exec-3] GCU Method com.gcu.data.OrdersDataService.findAll execution ended at:Fri Nov 08 13:36:47 MST 2024
2024-11-08 13:36:47,802 WARN  c.g.d.OrdersDataService [http-nio-8080-exec-3] GCU Method execution longer than 10 ms!
2024-11-08 13:36:47,802 TRACE c.g.b.OrdersBusinessService [http-nio-8080-exec-3] GCU Method com.gcu.business.OrdersBusinessService.getOrders execution lasted:265 ms
2024-11-08 13:36:47,802 TRACE c.g.b.OrdersBusinessService [http-nio-8080-exec-3] GCU Method com.gcu.business.OrdersBusinessService.getOrders execution ended at:Fri Nov 08 13:36:47 MST 2024
2024-11-08 13:36:47,802 WARN  c.g.b.OrdersBusinessService [http-nio-8080-exec-3] GCU Method execution longer than 10 ms!
2024-11-08 13:36:47,802 TRACE c.g.c.LoginController [http-nio-8080-exec-3] GCU Method com.gcu.controller.LoginController.doLogin execution lasted:269 ms
2024-11-08 13:36:47,802 TRACE c.g.c.LoginController [http-nio-8080-exec-3] GCU Method com.gcu.controller.LoginController.doLogin execution ended at:Fri Nov 08 13:36:47 MST 2024
2024-11-08 13:36:47,802 WARN  c.g.c.LoginController [http-nio-8080-exec-3] GCU Method execution longer than 10 ms!
2024-11-08 13:36:47,841 WARN  n.n.u.t.e.ExpressionProcessor [http-nio-8080-exec-3] Fragment expression "layouts/defaultTemplate" is being wrapped as a Thymeleaf 3 fragment expression (~{...}) for backwards compatibility purposes.  This wrapping will be dropped in the next major version of the expression processor, so please rewrite as a Thymeleaf 3 fragment expression to future-proof your code.  See https://github.com/thymeleaf/thymeleaf/issues/451 for more information.
2024-11-08 13:39:10,801 INFO  c.z.h.HikariDataSource [SpringApplicationShutdownHook] HikariPool-1 - Shutdown initiated...
2024-11-08 13:39:11,982 INFO  c.z.h.HikariDataSource [SpringApplicationShutdownHook] HikariPool-1 - Shutdown completed.
